marki-mbp:Python marki$ python type.py
Please input a number, string or list
100
That is a big number!
marki-mbp:Python marki$ python type.py
Please input a number, string or list
455
That is a big number!
marki-mbp:Python marki$ python type.py
Please input a number, string or list
0
That is a small number
marki-mbp:Python marki$ python type.py
Please input a number, string or list
-23
That is a small number
marki-mbp:Python marki$ python type.py
Please input a number, string or list
"Rubber baby buggy bumpers"
Short Sentence
marki-mbp:Python marki$ python type.py
Please input a number, string or list
"Experience is simply the name we give our mistakes"
Long Sentence
marki-mbp:Python marki$ python type.py
Please input a number, string or list
"Tell me and I forget. Teach me and I remember. Involve me and I learn."
Long Sentence
marki-mbp:Python marki$ python type.py
Please input a number, string or list
""
Short Sentence
marki-mbp:Python marki$ python type.py
Please input a number, string or list
[1,7,4,21]
Short List
marki-mbp:Python marki$ python type.py
Please input a number, string or list
[3,5,7,34,3,2,113,65,8,89]
Big List!
marki-mbp:Python marki$ python type.py
Please input a number, string or list
[4,34,22,68,9,13,3,5,7,9,2,12,45,923]
Big List!
marki-mbp:Python marki$ python type.py
Please input a number, string or list
[]
Short List
marki-mbp:Python marki$ python type.py
Please input a number, string or list
['name','address','phone number','social security number']
Short List
